20/09/2014 01:23:03.912] - [INFO] - Client starting
20/09/2014 01:23:04.147] - [INFO] - [id: 0xc2ef4992] OPEN
20/09/2014 01:23:04.194] - [INFO] - [id: 0xc2ef4992, /127.0.0.1:50289 => localhost/127.0.0.1:19999] BOUND: /127.0.0.1:50289
20/09/2014 01:23:04.195] - [INFO] - [id: 0xc2ef4992, /127.0.0.1:50289 => localhost/127.0.0.1:19999] CONNECTED: localhost/127.0.0.1:19999
20/09/2014 01:23:06.225] - [INFO] - writing response back for turn 1 for player 1
20/09/2014 01:23:06.252] - [INFO] - message sent: took 33,160,949
20/09/2014 01:23:07.501] - [INFO] - writing response back for turn 2 for player 1
20/09/2014 01:23:07.502] - [INFO] - message sent: took 6,575,745
20/09/2014 01:23:07.642] - [INFO] - writing response back for turn 3 for player 1
20/09/2014 01:23:07.644] - [INFO] - message sent: took 7,418,344
20/09/2014 01:23:07.754] - [INFO] - writing response back for turn 4 for player 1
20/09/2014 01:23:07.757] - [INFO] - message sent: took 8,241,195
20/09/2014 01:23:07.873] - [INFO] - writing response back for turn 5 for player 1
20/09/2014 01:23:07.874] - [INFO] - message sent: took 10,737,441
20/09/2014 01:23:07.984] - [INFO] - writing response back for turn 6 for player 1
20/09/2014 01:23:07.985] - [INFO] - message sent: took 6,553,121
20/09/2014 01:23:08.096] - [INFO] - writing response back for turn 7 for player 1
20/09/2014 01:23:08.097] - [INFO] - message sent: took 7,119,410
20/09/2014 01:23:08.212] - [INFO] - writing response back for turn 8 for player 1
20/09/2014 01:23:08.213] - [INFO] - message sent: took 7,445,730
20/09/2014 01:23:08.322] - [INFO] - writing response back for turn 9 for player 1
20/09/2014 01:23:08.323] - [INFO] - message sent: took 6,710,127
20/09/2014 01:23:08.433] - [INFO] - writing response back for turn 10 for player 1
20/09/2014 01:23:08.435] - [INFO] - message sent: took 7,078,095
20/09/2014 01:23:08.546] - [INFO] - writing response back for turn 11 for player 1
20/09/2014 01:23:08.548] - [INFO] - message sent: took 8,387,945
20/09/2014 01:23:08.658] - [INFO] - writing response back for turn 12 for player 1
20/09/2014 01:23:08.665] - [INFO] - message sent: took 12,487,033
20/09/2014 01:23:08.773] - [INFO] - writing response back for turn 13 for player 1
20/09/2014 01:23:08.775] - [INFO] - message sent: took 6,561,359
20/09/2014 01:23:08.885] - [INFO] - writing response back for turn 14 for player 1
20/09/2014 01:23:08.886] - [INFO] - message sent: took 6,747,683
20/09/2014 01:23:08.997] - [INFO] - writing response back for turn 15 for player 1
20/09/2014 01:23:08.998] - [INFO] - message sent: took 6,679,250
20/09/2014 01:23:09.107] - [INFO] - writing response back for turn 16 for player 1
20/09/2014 01:23:09.112] - [INFO] - message sent: took 10,594,613
20/09/2014 01:23:09.227] - [INFO] - writing response back for turn 17 for player 1
20/09/2014 01:23:09.231] - [INFO] - message sent: took 9,934,802
20/09/2014 01:23:09.338] - [INFO] - writing response back for turn 18 for player 1
20/09/2014 01:23:09.341] - [INFO] - message sent: took 8,287,695
20/09/2014 01:23:09.450] - [INFO] - writing response back for turn 19 for player 1
20/09/2014 01:23:09.452] - [INFO] - message sent: took 9,431,784
20/09/2014 01:23:09.634] - [INFO] - [id: 0xc2ef4992, /127.0.0.1:50289 :> localhost/127.0.0.1:19999] DISCONNECTED
20/09/2014 01:23:09.635] - [INFO] - [id: 0xc2ef4992, /127.0.0.1:50289 :> localhost/127.0.0.1:19999] UNBOUND
20/09/2014 01:23:09.635] - [INFO] - [id: 0xc2ef4992, /127.0.0.1:50289 :> localhost/127.0.0.1:19999] CLOSED
20/09/2014 01:23:28.800] - [INFO] - Client starting
20/09/2014 01:23:28.921] - [INFO] - [id: 0x4d57279e] OPEN
20/09/2014 01:23:28.935] - [INFO] - [id: 0x4d57279e, /127.0.0.1:50290 => localhost/127.0.0.1:19999] BOUND: /127.0.0.1:50290
20/09/2014 01:23:28.937] - [INFO] - [id: 0x4d57279e, /127.0.0.1:50290 => localhost/127.0.0.1:19999] CONNECTED: localhost/127.0.0.1:19999
20/09/2014 01:23:28.946] - [INFO] - [id: 0x4d57279e, /127.0.0.1:50290 :> localhost/127.0.0.1:19999] DISCONNECTED
20/09/2014 01:23:28.948] - [INFO] - [id: 0x4d57279e, /127.0.0.1:50290 :> localhost/127.0.0.1:19999] UNBOUND
20/09/2014 01:23:28.949] - [INFO] - [id: 0x4d57279e, /127.0.0.1:50290 :> localhost/127.0.0.1:19999] CLOSED
20/09/2014 01:23:28.980] - [SEVERE] - Unexpected exception from upstream. java.nio.channels.ClosedChannelException

20/09/2014 01:23:39.768] - [INFO] - Client starting
20/09/2014 01:23:39.861] - [INFO] - [id: 0xe8bf1e87] OPEN
20/09/2014 01:23:39.871] - [INFO] - [id: 0xe8bf1e87] CLOSED
20/09/2014 01:23:39.898] - [SEVERE] - Unexpected exception from upstream. java.nio.channels.ClosedChannelException

20/09/2014 01:23:43.172] - [INFO] - Client starting
20/09/2014 01:23:43.269] - [INFO] - [id: 0xc9be6e53] OPEN
20/09/2014 01:23:43.279] - [INFO] - [id: 0xc9be6e53] CLOSED
20/09/2014 01:23:43.310] - [SEVERE] - Unexpected exception from upstream. java.nio.channels.ClosedChannelException

20/09/2014 01:23:58.176] - [INFO] - Client starting
20/09/2014 01:23:58.268] - [INFO] - [id: 0x26b66b48] OPEN
20/09/2014 01:23:58.279] - [INFO] - [id: 0x26b66b48, /127.0.0.1:50293 => localhost/127.0.0.1:19999] BOUND: /127.0.0.1:50293
20/09/2014 01:23:58.280] - [INFO] - [id: 0x26b66b48, /127.0.0.1:50293 => localhost/127.0.0.1:19999] CONNECTED: localhost/127.0.0.1:19999
20/09/2014 01:23:58.884] - [INFO] - writing response back for turn 1 for player 1
20/09/2014 01:23:58.890] - [INFO] - message sent: took 11,836,779
20/09/2014 01:23:59.008] - [INFO] - writing response back for turn 2 for player 1
20/09/2014 01:23:59.010] - [INFO] - message sent: took 7,449,841
20/09/2014 01:23:59.122] - [INFO] - writing response back for turn 3 for player 1
20/09/2014 01:23:59.123] - [INFO] - message sent: took 6,816,138
20/09/2014 01:23:59.235] - [INFO] - writing response back for turn 4 for player 1
20/09/2014 01:23:59.236] - [INFO] - message sent: took 6,311,781
20/09/2014 01:23:59.347] - [INFO] - writing response back for turn 5 for player 1
20/09/2014 01:23:59.348] - [INFO] - message sent: took 6,473,094
20/09/2014 01:23:59.464] - [INFO] - writing response back for turn 6 for player 1
20/09/2014 01:23:59.466] - [INFO] - message sent: took 6,747,015
20/09/2014 01:23:59.579] - [INFO] - writing response back for turn 7 for player 1
20/09/2014 01:23:59.586] - [INFO] - message sent: took 12,611,543
20/09/2014 01:23:59.695] - [INFO] - writing response back for turn 8 for player 1
20/09/2014 01:23:59.699] - [INFO] - message sent: took 9,624,817
20/09/2014 01:23:59.807] - [INFO] - writing response back for turn 9 for player 1
20/09/2014 01:23:59.809] - [INFO] - message sent: took 6,831,893
20/09/2014 01:23:59.922] - [INFO] - writing response back for turn 10 for player 1
20/09/2014 01:23:59.923] - [INFO] - message sent: took 7,383,052
20/09/2014 01:24:00.033] - [INFO] - writing response back for turn 11 for player 1
20/09/2014 01:24:00.034] - [INFO] - message sent: took 6,614,951
20/09/2014 01:24:00.143] - [INFO] - writing response back for turn 12 for player 1
20/09/2014 01:24:00.145] - [INFO] - message sent: took 7,392,622
20/09/2014 01:24:00.256] - [INFO] - writing response back for turn 13 for player 1
20/09/2014 01:24:00.258] - [INFO] - message sent: took 7,495,247
20/09/2014 01:24:00.364] - [INFO] - [id: 0x26b66b48, /127.0.0.1:50293 :> localhost/127.0.0.1:19999] DISCONNECTED
20/09/2014 01:24:00.365] - [INFO] - [id: 0x26b66b48, /127.0.0.1:50293 :> localhost/127.0.0.1:19999] UNBOUND
20/09/2014 01:24:00.366] - [INFO] - [id: 0x26b66b48, /127.0.0.1:50293 :> localhost/127.0.0.1:19999] CLOSED
20/09/2014 01:26:50.365] - [INFO] - Client starting
20/09/2014 01:26:50.458] - [INFO] - [id: 0xb10212f0] OPEN
20/09/2014 01:26:50.468] - [INFO] - [id: 0xb10212f0, /127.0.0.1:50296 => localhost/127.0.0.1:19999] BOUND: /127.0.0.1:50296
20/09/2014 01:26:50.470] - [INFO] - [id: 0xb10212f0, /127.0.0.1:50296 => localhost/127.0.0.1:19999] CONNECTED: localhost/127.0.0.1:19999
20/09/2014 01:26:51.034] - [INFO] - writing response back for turn 1 for player 1
20/09/2014 01:26:51.039] - [INFO] - message sent: took 10,348,478
20/09/2014 01:26:51.418] - [INFO] - writing response back for turn 2 for player 1
20/09/2014 01:26:51.420] - [INFO] - message sent: took 6,714,244
20/09/2014 01:26:51.536] - [INFO] - writing response back for turn 3 for player 1
20/09/2014 01:26:51.539] - [INFO] - message sent: took 8,481,647
20/09/2014 01:26:51.650] - [INFO] - writing response back for turn 4 for player 1
20/09/2014 01:26:51.651] - [INFO] - message sent: took 6,998,444
20/09/2014 01:26:51.766] - [INFO] - writing response back for turn 5 for player 1
20/09/2014 01:26:51.768] - [INFO] - message sent: took 7,465,275
20/09/2014 01:26:51.878] - [INFO] - writing response back for turn 6 for player 1
20/09/2014 01:26:51.880] - [INFO] - message sent: took 6,620,663
20/09/2014 01:26:51.991] - [INFO] - writing response back for turn 7 for player 1
20/09/2014 01:26:51.993] - [INFO] - message sent: took 6,955,201
20/09/2014 01:26:52.103] - [INFO] - writing response back for turn 8 for player 1
20/09/2014 01:26:52.105] - [INFO] - message sent: took 7,142,278
20/09/2014 01:26:52.216] - [INFO] - writing response back for turn 9 for player 1
20/09/2014 01:26:52.217] - [INFO] - message sent: took 6,931,847
20/09/2014 01:26:52.327] - [INFO] - writing response back for turn 10 for player 1
20/09/2014 01:26:52.328] - [INFO] - message sent: took 6,673,712
20/09/2014 01:26:52.437] - [INFO] - writing response back for turn 11 for player 1
20/09/2014 01:26:52.438] - [INFO] - message sent: took 6,806,595
20/09/2014 01:26:52.553] - [INFO] - writing response back for turn 12 for player 1
20/09/2014 01:26:52.555] - [INFO] - message sent: took 7,060,701
20/09/2014 01:26:52.665] - [INFO] - writing response back for turn 13 for player 1
20/09/2014 01:26:52.667] - [INFO] - message sent: took 6,885,742
20/09/2014 01:26:52.777] - [INFO] - writing response back for turn 14 for player 1
20/09/2014 01:26:52.778] - [INFO] - message sent: took 6,941,856
20/09/2014 01:26:52.890] - [INFO] - writing response back for turn 15 for player 1
20/09/2014 01:26:52.891] - [INFO] - message sent: took 6,672,454
20/09/2014 01:26:53.001] - [INFO] - writing response back for turn 16 for player 1
20/09/2014 01:26:53.004] - [INFO] - message sent: took 9,457,472
20/09/2014 01:26:53.110] - [INFO] - [id: 0xb10212f0, /127.0.0.1:50296 :> localhost/127.0.0.1:19999] DISCONNECTED
20/09/2014 01:26:53.111] - [INFO] - [id: 0xb10212f0, /127.0.0.1:50296 :> localhost/127.0.0.1:19999] UNBOUND
20/09/2014 01:26:53.112] - [INFO] - [id: 0xb10212f0, /127.0.0.1:50296 :> localhost/127.0.0.1:19999] CLOSED
20/09/2014 01:27:07.741] - [INFO] - Client starting
20/09/2014 01:27:07.837] - [INFO] - [id: 0xc91625cf] OPEN
20/09/2014 01:27:07.847] - [INFO] - [id: 0xc91625cf, /127.0.0.1:50297 => localhost/127.0.0.1:19999] BOUND: /127.0.0.1:50297
20/09/2014 01:27:07.848] - [INFO] - [id: 0xc91625cf, /127.0.0.1:50297 => localhost/127.0.0.1:19999] CONNECTED: localhost/127.0.0.1:19999
20/09/2014 01:27:08.420] - [INFO] - writing response back for turn 1 for player 1
20/09/2014 01:27:08.424] - [INFO] - message sent: took 10,583,678
20/09/2014 01:27:08.542] - [INFO] - writing response back for turn 2 for player 1
20/09/2014 01:27:08.543] - [INFO] - message sent: took 7,200,389
20/09/2014 01:27:08.655] - [INFO] - writing response back for turn 3 for player 1
20/09/2014 01:27:08.656] - [INFO] - message sent: took 6,704,239
20/09/2014 01:27:08.767] - [INFO] - writing response back for turn 4 for player 1
20/09/2014 01:27:08.769] - [INFO] - message sent: took 7,157,998
20/09/2014 01:27:08.880] - [INFO] - writing response back for turn 5 for player 1
20/09/2014 01:27:08.885] - [INFO] - message sent: took 11,329,386
20/09/2014 01:27:08.994] - [INFO] - writing response back for turn 6 for player 1
20/09/2014 01:27:08.997] - [INFO] - message sent: took 8,282,087
20/09/2014 01:27:09.111] - [INFO] - writing response back for turn 7 for player 1
20/09/2014 01:27:09.114] - [INFO] - message sent: took 8,147,082
20/09/2014 01:27:09.223] - [INFO] - writing response back for turn 8 for player 1
20/09/2014 01:27:09.229] - [INFO] - message sent: took 12,111,870
20/09/2014 01:27:09.338] - [INFO] - writing response back for turn 9 for player 1
20/09/2014 01:27:09.340] - [INFO] - message sent: took 7,456,818
20/09/2014 01:27:09.450] - [INFO] - writing response back for turn 10 for player 1
20/09/2014 01:27:09.452] - [INFO] - message sent: took 6,693,147
20/09/2014 01:27:09.561] - [INFO] - writing response back for turn 11 for player 1
20/09/2014 01:27:09.562] - [INFO] - message sent: took 6,692,375
20/09/2014 01:27:09.671] - [INFO] - writing response back for turn 12 for player 1
20/09/2014 01:27:09.673] - [INFO] - message sent: took 7,589,609
20/09/2014 01:27:09.782] - [INFO] - writing response back for turn 13 for player 1
20/09/2014 01:27:09.784] - [INFO] - message sent: took 7,447,335
20/09/2014 01:27:09.892] - [INFO] - writing response back for turn 14 for player 1
20/09/2014 01:27:09.894] - [INFO] - message sent: took 6,675,377
20/09/2014 01:27:10.003] - [INFO] - writing response back for turn 15 for player 1
20/09/2014 01:27:10.004] - [INFO] - message sent: took 6,651,228
20/09/2014 01:27:10.116] - [INFO] - writing response back for turn 16 for player 1
20/09/2014 01:27:10.117] - [INFO] - message sent: took 8,938,796
20/09/2014 01:27:10.227] - [INFO] - writing response back for turn 17 for player 1
20/09/2014 01:27:10.231] - [INFO] - message sent: took 8,341,131
20/09/2014 01:27:10.343] - [INFO] - writing response back for turn 18 for player 1
20/09/2014 01:27:10.345] - [INFO] - message sent: took 7,338,534
20/09/2014 01:27:10.455] - [INFO] - writing response back for turn 19 for player 1
20/09/2014 01:27:10.456] - [INFO] - message sent: took 6,737,404
20/09/2014 01:27:10.566] - [INFO] - writing response back for turn 20 for player 1
20/09/2014 01:27:10.567] - [INFO] - message sent: took 6,932,682
20/09/2014 01:27:10.677] - [INFO] - writing response back for turn 21 for player 1
20/09/2014 01:27:10.678] - [INFO] - message sent: took 6,965,588
20/09/2014 01:27:10.787] - [INFO] - writing response back for turn 22 for player 1
20/09/2014 01:27:10.792] - [INFO] - message sent: took 10,447,921
20/09/2014 01:27:10.901] - [INFO] - writing response back for turn 23 for player 1
20/09/2014 01:27:10.902] - [INFO] - message sent: took 6,618,749
20/09/2014 01:27:11.010] - [INFO] - writing response back for turn 24 for player 1
20/09/2014 01:27:11.011] - [INFO] - message sent: took 6,495,078
20/09/2014 01:27:11.120] - [INFO] - writing response back for turn 25 for player 1
20/09/2014 01:27:11.121] - [INFO] - message sent: took 6,556,066
20/09/2014 01:27:11.230] - [INFO] - writing response back for turn 26 for player 1
20/09/2014 01:27:11.232] - [INFO] - message sent: took 7,408,569
20/09/2014 01:27:11.341] - [INFO] - writing response back for turn 27 for player 1
20/09/2014 01:27:11.342] - [INFO] - message sent: took 6,131,451
20/09/2014 01:27:11.453] - [INFO] - writing response back for turn 28 for player 1
20/09/2014 01:27:11.454] - [INFO] - message sent: took 6,628,907
20/09/2014 01:27:11.564] - [INFO] - writing response back for turn 29 for player 1
20/09/2014 01:27:11.565] - [INFO] - message sent: took 6,698,441
20/09/2014 01:27:11.674] - [INFO] - writing response back for turn 30 for player 1
20/09/2014 01:27:11.678] - [INFO] - message sent: took 9,049,397
20/09/2014 01:27:11.788] - [INFO] - writing response back for turn 31 for player 1
20/09/2014 01:27:11.789] - [INFO] - message sent: took 7,411,907
20/09/2014 01:27:11.898] - [INFO] - writing response back for turn 32 for player 1
20/09/2014 01:27:11.899] - [INFO] - message sent: took 6,036,236
20/09/2014 01:27:12.008] - [INFO] - writing response back for turn 33 for player 1
20/09/2014 01:27:12.009] - [INFO] - message sent: took 6,843,304
20/09/2014 01:27:12.118] - [INFO] - writing response back for turn 34 for player 1
20/09/2014 01:27:12.123] - [INFO] - message sent: took 9,956,112
20/09/2014 01:27:12.231] - [INFO] - writing response back for turn 35 for player 1
20/09/2014 01:27:12.232] - [INFO] - message sent: took 6,713,354
20/09/2014 01:27:12.342] - [INFO] - writing response back for turn 36 for player 1
20/09/2014 01:27:12.343] - [INFO] - message sent: took 6,629,813
20/09/2014 01:27:12.452] - [INFO] - writing response back for turn 37 for player 1
20/09/2014 01:27:12.455] - [INFO] - message sent: took 7,685,000
20/09/2014 01:27:12.563] - [INFO] - writing response back for turn 38 for player 1
20/09/2014 01:27:12.564] - [INFO] - message sent: took 6,544,868
20/09/2014 01:27:12.674] - [INFO] - writing response back for turn 39 for player 1
20/09/2014 01:27:12.675] - [INFO] - message sent: took 6,612,022
20/09/2014 01:27:12.785] - [INFO] - writing response back for turn 40 for player 1
20/09/2014 01:27:12.786] - [INFO] - message sent: took 6,564,483
20/09/2014 01:27:12.895] - [INFO] - writing response back for turn 41 for player 1
20/09/2014 01:27:12.896] - [INFO] - message sent: took 6,274,603
20/09/2014 01:27:13.005] - [INFO] - writing response back for turn 42 for player 1
20/09/2014 01:27:13.007] - [INFO] - message sent: took 7,611,179
20/09/2014 01:27:13.116] - [INFO] - writing response back for turn 43 for player 1
20/09/2014 01:27:13.117] - [INFO] - message sent: took 6,394,798
20/09/2014 01:27:13.225] - [INFO] - writing response back for turn 44 for player 1
20/09/2014 01:27:13.226] - [INFO] - message sent: took 6,308,941
20/09/2014 01:27:13.335] - [INFO] - writing response back for turn 45 for player 1
20/09/2014 01:27:13.336] - [INFO] - message sent: took 6,367,462
20/09/2014 01:27:13.445] - [INFO] - writing response back for turn 46 for player 1
20/09/2014 01:27:13.446] - [INFO] - message sent: took 6,452,960
20/09/2014 01:27:13.555] - [INFO] - writing response back for turn 47 for player 1
20/09/2014 01:27:13.556] - [INFO] - message sent: took 6,643,875
20/09/2014 01:27:13.665] - [INFO] - writing response back for turn 48 for player 1
20/09/2014 01:27:13.667] - [INFO] - message sent: took 7,591,055
20/09/2014 01:27:13.775] - [INFO] - writing response back for turn 49 for player 1
20/09/2014 01:27:13.776] - [INFO] - message sent: took 6,303,106
20/09/2014 01:27:13.885] - [INFO] - writing response back for turn 50 for player 1
20/09/2014 01:27:13.885] - [INFO] - message sent: took 6,342,350
20/09/2014 01:27:13.995] - [INFO] - writing response back for turn 51 for player 1
20/09/2014 01:27:13.997] - [INFO] - message sent: took 6,830,968
20/09/2014 01:27:14.106] - [INFO] - writing response back for turn 52 for player 1
20/09/2014 01:27:14.107] - [INFO] - message sent: took 6,563,894
20/09/2014 01:27:14.215] - [INFO] - writing response back for turn 53 for player 1
20/09/2014 01:27:14.216] - [INFO] - message sent: took 6,383,519
20/09/2014 01:27:14.325] - [INFO] - writing response back for turn 54 for player 1
20/09/2014 01:27:14.326] - [INFO] - message sent: took 6,812,976
20/09/2014 01:27:14.435] - [INFO] - writing response back for turn 55 for player 1
20/09/2014 01:27:14.437] - [INFO] - message sent: took 7,149,778
20/09/2014 01:27:14.545] - [INFO] - writing response back for turn 56 for player 1
20/09/2014 01:27:14.546] - [INFO] - message sent: took 6,472,926
20/09/2014 01:27:14.655] - [INFO] - writing response back for turn 57 for player 1
20/09/2014 01:27:14.656] - [INFO] - message sent: took 6,429,897
20/09/2014 01:27:14.765] - [INFO] - writing response back for turn 58 for player 1
20/09/2014 01:27:14.766] - [INFO] - message sent: took 6,429,718
20/09/2014 01:27:14.874] - [INFO] - writing response back for turn 59 for player 1
20/09/2014 01:27:14.875] - [INFO] - message sent: took 6,520,475
20/09/2014 01:27:14.984] - [INFO] - writing response back for turn 60 for player 1
20/09/2014 01:27:14.985] - [INFO] - message sent: took 6,283,051
20/09/2014 01:27:15.093] - [INFO] - writing response back for turn 61 for player 1
20/09/2014 01:27:15.094] - [INFO] - message sent: took 6,901,050
20/09/2014 01:27:15.203] - [INFO] - writing response back for turn 62 for player 1
20/09/2014 01:27:15.204] - [INFO] - message sent: took 6,535,455
20/09/2014 01:27:15.314] - [INFO] - writing response back for turn 63 for player 1
20/09/2014 01:27:15.315] - [INFO] - message sent: took 6,603,936
20/09/2014 01:27:15.425] - [INFO] - writing response back for turn 64 for player 1
20/09/2014 01:27:15.427] - [INFO] - message sent: took 7,755,588
20/09/2014 01:27:15.535] - [INFO] - writing response back for turn 65 for player 1
20/09/2014 01:27:15.536] - [INFO] - message sent: took 5,934,411
20/09/2014 01:27:15.646] - [INFO] - writing response back for turn 66 for player 1
20/09/2014 01:27:15.647] - [INFO] - message sent: took 6,226,270
20/09/2014 01:27:15.755] - [INFO] - writing response back for turn 67 for player 1
20/09/2014 01:27:15.756] - [INFO] - message sent: took 6,939,089
20/09/2014 01:27:15.865] - [INFO] - writing response back for turn 68 for player 1
20/09/2014 01:27:15.865] - [INFO] - message sent: took 6,240,958
20/09/2014 01:27:15.974] - [INFO] - writing response back for turn 69 for player 1
20/09/2014 01:27:15.975] - [INFO] - message sent: took 6,495,509
20/09/2014 01:27:16.084] - [INFO] - writing response back for turn 70 for player 1
20/09/2014 01:27:16.085] - [INFO] - message sent: took 6,910,353
20/09/2014 01:27:16.191] - [INFO] - [id: 0xc91625cf, /127.0.0.1:50297 :> localhost/127.0.0.1:19999] DISCONNECTED
20/09/2014 01:27:16.192] - [INFO] - [id: 0xc91625cf, /127.0.0.1:50297 :> localhost/127.0.0.1:19999] UNBOUND
20/09/2014 01:27:16.193] - [INFO] - [id: 0xc91625cf, /127.0.0.1:50297 :> localhost/127.0.0.1:19999] CLOSED
20/09/2014 01:27:32.219] - [INFO] - Client starting
20/09/2014 01:27:32.316] - [INFO] - [id: 0x0bddd1e8] OPEN
20/09/2014 01:27:32.326] - [INFO] - [id: 0x0bddd1e8, /127.0.0.1:50298 => localhost/127.0.0.1:19999] BOUND: /127.0.0.1:50298
20/09/2014 01:27:32.327] - [INFO] - [id: 0x0bddd1e8, /127.0.0.1:50298 => localhost/127.0.0.1:19999] CONNECTED: localhost/127.0.0.1:19999
20/09/2014 01:27:32.902] - [INFO] - writing response back for turn 1 for player 1
20/09/2014 01:27:32.907] - [INFO] - message sent: took 12,089,420
20/09/2014 01:27:33.030] - [INFO] - writing response back for turn 2 for player 1
20/09/2014 01:27:33.032] - [INFO] - message sent: took 6,867,263
20/09/2014 01:27:33.144] - [INFO] - writing response back for turn 3 for player 1
20/09/2014 01:27:33.146] - [INFO] - message sent: took 6,359,244
20/09/2014 01:27:33.254] - [INFO] - writing response back for turn 4 for player 1
20/09/2014 01:27:33.256] - [INFO] - message sent: took 6,607,484
20/09/2014 01:27:33.368] - [INFO] - writing response back for turn 5 for player 1
20/09/2014 01:27:33.371] - [INFO] - message sent: took 10,587,912
20/09/2014 01:27:33.480] - [INFO] - writing response back for turn 6 for player 1
20/09/2014 01:27:33.482] - [INFO] - message sent: took 6,665,085
20/09/2014 01:27:33.593] - [INFO] - writing response back for turn 7 for player 1
20/09/2014 01:27:33.599] - [INFO] - message sent: took 12,306,524
20/09/2014 01:27:33.709] - [INFO] - writing response back for turn 8 for player 1
20/09/2014 01:27:33.714] - [INFO] - message sent: took 11,210,987
20/09/2014 01:27:33.825] - [INFO] - writing response back for turn 9 for player 1
20/09/2014 01:27:33.827] - [INFO] - message sent: took 8,424,273
20/09/2014 01:27:33.936] - [INFO] - writing response back for turn 10 for player 1
20/09/2014 01:27:33.938] - [INFO] - message sent: took 6,817,689
20/09/2014 01:27:34.047] - [INFO] - writing response back for turn 11 for player 1
20/09/2014 01:27:34.048] - [INFO] - message sent: took 6,777,258
20/09/2014 01:27:34.159] - [INFO] - writing response back for turn 12 for player 1
20/09/2014 01:27:34.160] - [INFO] - message sent: took 6,556,927
20/09/2014 01:27:34.270] - [INFO] - writing response back for turn 13 for player 1
20/09/2014 01:27:34.272] - [INFO] - message sent: took 8,416,541
20/09/2014 01:27:34.381] - [INFO] - writing response back for turn 14 for player 1
20/09/2014 01:27:34.384] - [INFO] - message sent: took 8,391,101
20/09/2014 01:27:34.493] - [INFO] - writing response back for turn 15 for player 1
20/09/2014 01:27:34.495] - [INFO] - message sent: took 6,828,253
20/09/2014 01:27:34.605] - [INFO] - writing response back for turn 16 for player 1
20/09/2014 01:27:34.606] - [INFO] - message sent: took 6,642,089
20/09/2014 01:27:34.716] - [INFO] - writing response back for turn 17 for player 1
20/09/2014 01:27:34.718] - [INFO] - message sent: took 7,329,960
20/09/2014 01:27:34.827] - [INFO] - writing response back for turn 18 for player 1
20/09/2014 01:27:34.830] - [INFO] - message sent: took 8,788,286
20/09/2014 01:27:34.940] - [INFO] - writing response back for turn 19 for player 1
20/09/2014 01:27:34.945] - [INFO] - message sent: took 12,095,465
20/09/2014 01:27:35.054] - [INFO] - writing response back for turn 20 for player 1
20/09/2014 01:27:35.056] - [INFO] - message sent: took 6,956,537
20/09/2014 01:27:35.166] - [INFO] - writing response back for turn 21 for player 1
20/09/2014 01:27:35.167] - [INFO] - message sent: took 7,489,595
20/09/2014 01:27:35.276] - [INFO] - writing response back for turn 22 for player 1
20/09/2014 01:27:35.277] - [INFO] - message sent: took 6,507,507
20/09/2014 01:27:35.386] - [INFO] - writing response back for turn 23 for player 1
20/09/2014 01:27:35.388] - [INFO] - message sent: took 7,526,889
20/09/2014 01:27:35.498] - [INFO] - writing response back for turn 24 for player 1
20/09/2014 01:27:35.500] - [INFO] - message sent: took 7,846,906
20/09/2014 01:27:35.610] - [INFO] - writing response back for turn 25 for player 1
20/09/2014 01:27:35.612] - [INFO] - message sent: took 7,236,620
20/09/2014 01:27:35.720] - [INFO] - writing response back for turn 26 for player 1
20/09/2014 01:27:35.721] - [INFO] - message sent: took 6,306,962
20/09/2014 01:27:35.830] - [INFO] - writing response back for turn 27 for player 1
20/09/2014 01:27:35.833] - [INFO] - message sent: took 7,868,620
20/09/2014 01:27:35.941] - [INFO] - writing response back for turn 28 for player 1
20/09/2014 01:27:35.943] - [INFO] - message sent: took 6,611,513
20/09/2014 01:27:36.052] - [INFO] - writing response back for turn 29 for player 1
20/09/2014 01:27:36.053] - [INFO] - message sent: took 6,415,311
20/09/2014 01:27:36.163] - [INFO] - writing response back for turn 30 for player 1
20/09/2014 01:27:36.165] - [INFO] - message sent: took 7,033,157
20/09/2014 01:27:36.275] - [INFO] - writing response back for turn 31 for player 1
20/09/2014 01:27:36.276] - [INFO] - message sent: took 6,685,989
20/09/2014 01:27:36.384] - [INFO] - writing response back for turn 32 for player 1
20/09/2014 01:27:36.385] - [INFO] - message sent: took 6,974,823
20/09/2014 01:27:36.495] - [INFO] - writing response back for turn 33 for player 1
20/09/2014 01:27:36.497] - [INFO] - message sent: took 7,853,468
20/09/2014 01:27:36.604] - [INFO] - writing response back for turn 34 for player 1
20/09/2014 01:27:36.605] - [INFO] - message sent: took 6,458,944
20/09/2014 01:27:36.714] - [INFO] - writing response back for turn 35 for player 1
20/09/2014 01:27:36.715] - [INFO] - message sent: took 7,154,413
20/09/2014 01:27:36.824] - [INFO] - writing response back for turn 36 for player 1
20/09/2014 01:27:36.826] - [INFO] - message sent: took 7,089,782
20/09/2014 01:27:36.935] - [INFO] - writing response back for turn 37 for player 1
20/09/2014 01:27:36.936] - [INFO] - message sent: took 7,182,926
20/09/2014 01:27:37.046] - [INFO] - writing response back for turn 38 for player 1
20/09/2014 01:27:37.047] - [INFO] - message sent: took 6,530,788
20/09/2014 01:27:37.157] - [INFO] - writing response back for turn 39 for player 1
20/09/2014 01:27:37.158] - [INFO] - message sent: took 6,809,682
20/09/2014 01:27:37.267] - [INFO] - writing response back for turn 40 for player 1
20/09/2014 01:27:37.268] - [INFO] - message sent: took 6,599,213
20/09/2014 01:27:37.376] - [INFO] - writing response back for turn 41 for player 1
20/09/2014 01:27:37.378] - [INFO] - message sent: took 7,145,053
20/09/2014 01:27:37.487] - [INFO] - writing response back for turn 42 for player 1
20/09/2014 01:27:37.488] - [INFO] - message sent: took 6,313,316
20/09/2014 01:27:37.597] - [INFO] - writing response back for turn 43 for player 1
20/09/2014 01:27:37.598] - [INFO] - message sent: took 6,427,555
20/09/2014 01:27:37.708] - [INFO] - writing response back for turn 44 for player 1
20/09/2014 01:27:37.709] - [INFO] - message sent: took 6,267,317
20/09/2014 01:27:37.817] - [INFO] - writing response back for turn 45 for player 1
20/09/2014 01:27:37.818] - [INFO] - message sent: took 6,435,127
20/09/2014 01:27:37.926] - [INFO] - writing response back for turn 46 for player 1
20/09/2014 01:27:37.927] - [INFO] - message sent: took 6,476,891
20/09/2014 01:27:38.036] - [INFO] - writing response back for turn 47 for player 1
20/09/2014 01:27:38.037] - [INFO] - message sent: took 6,678,630
20/09/2014 01:27:38.146] - [INFO] - writing response back for turn 48 for player 1
20/09/2014 01:27:38.148] - [INFO] - message sent: took 6,463,683
20/09/2014 01:27:38.253] - [INFO] - [id: 0x0bddd1e8, /127.0.0.1:50298 :> localhost/127.0.0.1:19999] DISCONNECTED
20/09/2014 01:27:38.254] - [INFO] - [id: 0x0bddd1e8, /127.0.0.1:50298 :> localhost/127.0.0.1:19999] UNBOUND
20/09/2014 01:27:38.254] - [INFO] - [id: 0x0bddd1e8, /127.0.0.1:50298 :> localhost/127.0.0.1:19999] CLOSED
